2025-05-31 01:33:10,670	[INFO]	(reminder.py:33)load_config	配置文件加载成功
2025-05-31 01:33:10,672	[INFO]	(reminder.py:68)load_members	成员列表加载成功
2025-05-31 01:33:10,673	[INFO]	(main.py:35)main	机器人启动成功,开始运行...
2025-05-31 01:33:10,673	[INFO]	(client.py:162)_bot_login	[botpy] 登录机器人账号中...
2025-05-31 01:33:10,981	[INFO]	(robot.py:65)update_access_token	[botpy] access_token expires_in 7200
2025-05-31 01:33:11,239	[ERROR]	(http.py:76)_handle_response	[botpy] 接口请求异常，请求连接: https://api.sgroup.qq.com/users/@me, 错误代码: 401, 返回内容: {'message': '接口访问源IP不在白名单', 'code': 11298, 'err_code': 40023002, 'trace_id': '3fbb56a9b35f315aa3378e96033ca00a'}, trace_id:3fbb56a9b35f315aa3378e96033ca00a
2025-05-31 01:33:11,240	[ERROR]	(main.py:45)main	启动失败: 接口访问源IP不在白名单
2025-05-31 01:33:11,243	[ERROR]	(main.py:46)main	Traceback (most recent call last):
  File "D:\Program\qq-botpy-v2\main.py", line 36, in main
    client.run(appid=config["appid"], secret=config["secret"])
  File "D:\Python\Python312\Lib\site-packages\botpy\client.py", line 135, in run
    self.loop.run_until_complete(runner())
  File "D:\Python\Python312\Lib\asyncio\base_events.py", line 691, in run_until_complete
    return future.result()
           ^^^^^^^^^^^^^^^
  File "D:\Python\Python312\Lib\site-packages\botpy\client.py", line 132, in runner
    await self.start(*args, **kwargs)
  File "D:\Python\Python312\Lib\site-packages\botpy\client.py", line 158, in start
    await self._bot_login(token)
  File "D:\Python\Python312\Lib\site-packages\botpy\client.py", line 164, in _bot_login
    user = await self.http.login(token)
           ^^^^^^^^^^^^^^^^^^^^^^^^^^^^
  File "D:\Python\Python312\Lib\site-packages\botpy\http.py", line 205, in login
    data = await self.request(Route("GET", "/users/@me"))
           ^^^^^^^^^^^^^^^^^^^^^^^^^^^^^^^^^^^^^^^^^^^^^^
  File "D:\Python\Python312\Lib\site-packages\botpy\http.py", line 190, in request
    return await _handle_response(response)
           ^^^^^^^^^^^^^^^^^^^^^^^^^^^^^^^^
  File "D:\Python\Python312\Lib\site-packages\botpy\http.py", line 86, in _handle_response
    raise error_dict_get(msg=message) from None
botpy.errors.AuthenticationFailedError: 接口访问源IP不在白名单

2025-05-31 01:41:13,704	[INFO]	(reminder.py:33)load_config	配置文件加载成功
2025-05-31 01:41:13,704	[INFO]	(reminder.py:68)load_members	成员列表加载成功
2025-05-31 01:41:13,705	[INFO]	(main.py:35)main	机器人启动成功,开始运行...
2025-05-31 01:41:13,705	[INFO]	(client.py:162)_bot_login	[botpy] 登录机器人账号中...
2025-05-31 01:41:13,918	[INFO]	(robot.py:65)update_access_token	[botpy] access_token expires_in 6717
2025-05-31 01:41:14,155	[ERROR]	(http.py:76)_handle_response	[botpy] 接口请求异常，请求连接: https://api.sgroup.qq.com/users/@me, 错误代码: 401, 返回内容: {'message': '接口访问源IP不在白名单', 'code': 11298, 'err_code': 40023002, 'trace_id': '3938432a316745a129fd65bdd969e841'}, trace_id:3938432a316745a129fd65bdd969e841
2025-05-31 01:41:14,155	[ERROR]	(main.py:45)main	启动失败: 接口访问源IP不在白名单
2025-05-31 01:41:14,157	[ERROR]	(main.py:46)main	Traceback (most recent call last):
  File "D:\Program\qq-botpy-v2\main.py", line 36, in main
    client.run(appid=config["appid"], secret=config["secret"])
  File "D:\Python\Python312\Lib\site-packages\botpy\client.py", line 135, in run
    self.loop.run_until_complete(runner())
  File "D:\Python\Python312\Lib\asyncio\base_events.py", line 691, in run_until_complete
    return future.result()
           ^^^^^^^^^^^^^^^
  File "D:\Python\Python312\Lib\site-packages\botpy\client.py", line 132, in runner
    await self.start(*args, **kwargs)
  File "D:\Python\Python312\Lib\site-packages\botpy\client.py", line 158, in start
    await self._bot_login(token)
  File "D:\Python\Python312\Lib\site-packages\botpy\client.py", line 164, in _bot_login
    user = await self.http.login(token)
           ^^^^^^^^^^^^^^^^^^^^^^^^^^^^
  File "D:\Python\Python312\Lib\site-packages\botpy\http.py", line 205, in login
    data = await self.request(Route("GET", "/users/@me"))
           ^^^^^^^^^^^^^^^^^^^^^^^^^^^^^^^^^^^^^^^^^^^^^^
  File "D:\Python\Python312\Lib\site-packages\botpy\http.py", line 190, in request
    return await _handle_response(response)
           ^^^^^^^^^^^^^^^^^^^^^^^^^^^^^^^^
  File "D:\Python\Python312\Lib\site-packages\botpy\http.py", line 86, in _handle_response
    raise error_dict_get(msg=message) from None
botpy.errors.AuthenticationFailedError: 接口访问源IP不在白名单

2025-05-31 01:41:52,365	[INFO]	(reminder.py:33)load_config	配置文件加载成功
2025-05-31 01:41:52,365	[INFO]	(reminder.py:68)load_members	成员列表加载成功
2025-05-31 01:41:52,367	[INFO]	(main.py:35)main	机器人启动成功,开始运行...
2025-05-31 01:41:52,367	[INFO]	(client.py:162)_bot_login	[botpy] 登录机器人账号中...
2025-05-31 01:41:52,616	[INFO]	(robot.py:65)update_access_token	[botpy] access_token expires_in 7200
2025-05-31 01:41:53,213	[INFO]	(client.py:181)_bot_init	[botpy] 程序启动...
2025-05-31 01:41:53,214	[INFO]	(connection.py:60)multi_run	[botpy] 最大并发连接数: 1, 启动会话数: 1
2025-05-31 01:41:53,214	[INFO]	(client.py:242)bot_connect	[botpy] 会话启动中...
2025-05-31 01:41:53,214	[INFO]	(gateway.py:115)ws_connect	[botpy] 启动中...
2025-05-31 01:41:53,435	[INFO]	(gateway.py:142)ws_identify	[botpy] 鉴权中...
2025-05-31 01:41:53,559	[INFO]	(gateway.py:85)on_message	[botpy] 机器人「开发用test-测试中」启动成功！
2025-05-31 01:41:53,559	[INFO]	(gateway.py:223)_send_heart	[botpy] 心跳维持启动...
2025-05-31 01:41:53,559	[INFO]	(commands.py:143)on_ready	扫地机器人「开发用test-测试中」已启动!
2025-05-31 01:41:53,559	[INFO]	(reminder.py:450)start_reminder	定时提醒调度器已启动
2025-05-31 01:41:53,559	[INFO]	(reminder.py:457)start_update_index	定时索引更新已启动
2025-05-31 01:41:53,559	[INFO]	(reminder.py:412)reminder_scheduler	下一次提醒将在 2025-05-31 12:00:00 发送,等待 37086.44 秒
2025-05-31 01:41:53,560	[INFO]	(reminder.py:359)update_indexer	等待 80286.439053 秒后更新索引到下一个成员
